mode: set
github.com/tigera/libcalico-go/lib/client/ipam_handle.go:29.76,32.37 3 0
github.com/tigera/libcalico-go/lib/client/ipam_handle.go:37.2,38.15 2 0
github.com/tigera/libcalico-go/lib/client/ipam_handle.go:32.37,36.3 1 0
github.com/tigera/libcalico-go/lib/client/ipam_handle.go:41.86,43.42 2 0
github.com/tigera/libcalico-go/lib/client/ipam_handle.go:43.42,47.3 2 0
github.com/tigera/libcalico-go/lib/client/ipam_handle.go:47.3,49.17 2 0
github.com/tigera/libcalico-go/lib/client/ipam_handle.go:54.3,54.18 1 0
github.com/tigera/libcalico-go/lib/client/ipam_handle.go:59.3,59.22 1 0
github.com/tigera/libcalico-go/lib/client/ipam_handle.go:49.17,52.4 2 0
github.com/tigera/libcalico-go/lib/client/ipam_handle.go:54.18,56.4 1 0
github.com/tigera/libcalico-go/lib/client/ipam_handle.go:56.4,58.4 1 0
github.com/tigera/libcalico-go/lib/client/ipam_handle.go:63.40,65.2 1 0
github.com/tigera/libcalico-go/lib/client/workloadendpoint.go:42.64,44.2 1 0
github.com/tigera/libcalico-go/lib/client/workloadendpoint.go:47.92,52.2 2 0
github.com/tigera/libcalico-go/lib/client/workloadendpoint.go:55.92,57.2 1 0
github.com/tigera/libcalico-go/lib/client/workloadendpoint.go:60.91,62.2 1 0
github.com/tigera/libcalico-go/lib/client/workloadendpoint.go:65.81,67.2 1 0
github.com/tigera/libcalico-go/lib/client/workloadendpoint.go:70.103,71.48 1 0
github.com/tigera/libcalico-go/lib/client/workloadendpoint.go:71.48,73.3 1 0
github.com/tigera/libcalico-go/lib/client/workloadendpoint.go:73.3,75.3 1 0
github.com/tigera/libcalico-go/lib/client/workloadendpoint.go:80.108,84.2 3 0
github.com/tigera/libcalico-go/lib/client/workloadendpoint.go:87.74,88.29 1 0
github.com/tigera/libcalico-go/lib/client/workloadendpoint.go:88.29,90.3 1 0
github.com/tigera/libcalico-go/lib/client/workloadendpoint.go:95.121,104.2 3 0
github.com/tigera/libcalico-go/lib/client/workloadendpoint.go:108.101,117.2 3 0
github.com/tigera/libcalico-go/lib/client/workloadendpoint.go:122.95,125.16 3 0
github.com/tigera/libcalico-go/lib/client/workloadendpoint.go:129.2,131.39 3 0
github.com/tigera/libcalico-go/lib/client/workloadendpoint.go:139.2,152.16 2 0
github.com/tigera/libcalico-go/lib/client/workloadendpoint.go:125.16,127.3 1 0
github.com/tigera/libcalico-go/lib/client/workloadendpoint.go:131.39,132.23 1 0
github.com/tigera/libcalico-go/lib/client/workloadendpoint.go:132.23,134.4 1 0
github.com/tigera/libcalico-go/lib/client/workloadendpoint.go:134.4,136.4 1 0
github.com/tigera/libcalico-go/lib/client/workloadendpoint.go:158.95,177.2 15 0
github.com/tigera/libcalico-go/lib/client/ipam_block_reader_writer.go:37.113,42.16 3 0
github.com/tigera/libcalico-go/lib/client/ipam_block_reader_writer.go:55.2,56.34 2 0
github.com/tigera/libcalico-go/lib/client/ipam_block_reader_writer.go:60.2,60.17 1 0
github.com/tigera/libcalico-go/lib/client/ipam_block_reader_writer.go:42.16,43.58 1 0
github.com/tigera/libcalico-go/lib/client/ipam_block_reader_writer.go:43.58,48.4 1 0
github.com/tigera/libcalico-go/lib/client/ipam_block_reader_writer.go:48.4,51.4 2 0
github.com/tigera/libcalico-go/lib/client/ipam_block_reader_writer.go:56.34,59.3 2 0
github.com/tigera/libcalico-go/lib/client/ipam_block_reader_writer.go:64.92,69.17 2 0
github.com/tigera/libcalico-go/lib/client/ipam_block_reader_writer.go:98.2,98.21 1 0
github.com/tigera/libcalico-go/lib/client/ipam_block_reader_writer.go:103.2,104.29 2 0
github.com/tigera/libcalico-go/lib/client/ipam_block_reader_writer.go:126.2,126.49 1 0
github.com/tigera/libcalico-go/lib/client/ipam_block_reader_writer.go:69.17,71.34 1 0
github.com/tigera/libcalico-go/lib/client/ipam_block_reader_writer.go:78.3,78.30 1 0
github.com/tigera/libcalico-go/lib/client/ipam_block_reader_writer.go:71.34,74.4 2 0
github.com/tigera/libcalico-go/lib/client/ipam_block_reader_writer.go:74.4,74.46 1 0
github.com/tigera/libcalico-go/lib/client/ipam_block_reader_writer.go:74.46,77.4 2 0
github.com/tigera/libcalico-go/lib/client/ipam_block_reader_writer.go:79.3,82.17 2 0
github.com/tigera/libcalico-go/lib/client/ipam_block_reader_writer.go:88.3,88.36 1 0
github.com/tigera/libcalico-go/lib/client/ipam_block_reader_writer.go:82.17,85.4 2 0
github.com/tigera/libcalico-go/lib/client/ipam_block_reader_writer.go:88.36,91.71 1 0
github.com/tigera/libcalico-go/lib/client/ipam_block_reader_writer.go:91.71,93.5 1 0
github.com/tigera/libcalico-go/lib/client/ipam_block_reader_writer.go:98.21,100.3 1 0
github.com/tigera/libcalico-go/lib/client/ipam_block_reader_writer.go:104.29,108.60 2 0
github.com/tigera/libcalico-go/lib/client/ipam_block_reader_writer.go:108.60,113.18 4 0
github.com/tigera/libcalico-go/lib/client/ipam_block_reader_writer.go:113.18,114.60 1 0
github.com/tigera/libcalico-go/lib/client/ipam_block_reader_writer.go:114.60,119.6 3 0
github.com/tigera/libcalico-go/lib/client/ipam_block_reader_writer.go:119.6,122.6 2 0
github.com/tigera/libcalico-go/lib/client/ipam_block_reader_writer.go:129.105,149.16 9 0
github.com/tigera/libcalico-go/lib/client/ipam_block_reader_writer.go:182.2,182.12 1 0
github.com/tigera/libcalico-go/lib/client/ipam_block_reader_writer.go:149.16,150.59 1 0
github.com/tigera/libcalico-go/lib/client/ipam_block_reader_writer.go:150.59,154.18 3 0
github.com/tigera/libcalico-go/lib/client/ipam_block_reader_writer.go:160.4,162.56 2 0
github.com/tigera/libcalico-go/lib/client/ipam_block_reader_writer.go:170.4,173.18 2 0
github.com/tigera/libcalico-go/lib/client/ipam_block_reader_writer.go:177.4,177.41 1 0
github.com/tigera/libcalico-go/lib/client/ipam_block_reader_writer.go:154.18,157.5 2 0
github.com/tigera/libcalico-go/lib/client/ipam_block_reader_writer.go:162.56,167.5 2 0
github.com/tigera/libcalico-go/lib/client/ipam_block_reader_writer.go:173.18,176.5 2 0
github.com/tigera/libcalico-go/lib/client/ipam_block_reader_writer.go:178.4,180.4 1 0
github.com/tigera/libcalico-go/lib/client/ipam_block_reader_writer.go:185.91,186.39 1 0
github.com/tigera/libcalico-go/lib/client/ipam_block_reader_writer.go:251.2,251.40 1 0
github.com/tigera/libcalico-go/lib/client/ipam_block_reader_writer.go:186.39,191.17 2 0
github.com/tigera/libcalico-go/lib/client/ipam_block_reader_writer.go:195.3,198.55 2 0
github.com/tigera/libcalico-go/lib/client/ipam_block_reader_writer.go:203.3,203.16 1 0
github.com/tigera/libcalico-go/lib/client/ipam_block_reader_writer.go:238.3,241.17 2 0
github.com/tigera/libcalico-go/lib/client/ipam_block_reader_writer.go:248.3,248.13 1 0
github.com/tigera/libcalico-go/lib/client/ipam_block_reader_writer.go:191.17,194.4 2 0
github.com/tigera/libcalico-go/lib/client/ipam_block_reader_writer.go:198.55,201.4 2 0
github.com/tigera/libcalico-go/lib/client/ipam_block_reader_writer.go:203.16,208.18 2 0
github.com/tigera/libcalico-go/lib/client/ipam_block_reader_writer.go:208.18,210.61 1 0
github.com/tigera/libcalico-go/lib/client/ipam_block_reader_writer.go:210.61,213.6 2 0
github.com/tigera/libcalico-go/lib/client/ipam_block_reader_writer.go:215.4,226.18 4 0
github.com/tigera/libcalico-go/lib/client/ipam_block_reader_writer.go:226.18,227.62 1 0
github.com/tigera/libcalico-go/lib/client/ipam_block_reader_writer.go:227.62,229.14 1 0
github.com/tigera/libcalico-go/lib/client/ipam_block_reader_writer.go:230.6,232.6 1 0
github.com/tigera/libcalico-go/lib/client/ipam_block_reader_writer.go:241.17,243.60 1 0
github.com/tigera/libcalico-go/lib/client/ipam_block_reader_writer.go:243.60,246.5 2 0
github.com/tigera/libcalico-go/lib/client/ipam_block_reader_writer.go:256.68,258.35 2 0
github.com/tigera/libcalico-go/lib/client/ipam_block_reader_writer.go:264.2,264.14 1 0
github.com/tigera/libcalico-go/lib/client/ipam_block_reader_writer.go:258.35,260.58 1 0
github.com/tigera/libcalico-go/lib/client/ipam_block_reader_writer.go:260.58,262.4 1 0
github.com/tigera/libcalico-go/lib/client/ipam_block_reader_writer.go:269.68,271.35 2 0
github.com/tigera/libcalico-go/lib/client/ipam_block_reader_writer.go:277.2,277.14 1 0
github.com/tigera/libcalico-go/lib/client/ipam_block_reader_writer.go:271.35,273.67 1 0
github.com/tigera/libcalico-go/lib/client/ipam_block_reader_writer.go:273.67,275.4 1 0
github.com/tigera/libcalico-go/lib/client/ipam_block_reader_writer.go:283.57,287.28 3 0
github.com/tigera/libcalico-go/lib/client/ipam_block_reader_writer.go:287.28,290.27 3 0
github.com/tigera/libcalico-go/lib/client/ipam_block_reader_writer.go:290.27,294.4 3 0
github.com/tigera/libcalico-go/lib/client/ipam_block_reader_writer.go:294.4,296.4 1 0
github.com/tigera/libcalico-go/lib/client/ipam_block_reader_writer.go:303.63,333.28 15 1
github.com/tigera/libcalico-go/lib/client/ipam_block_reader_writer.go:333.28,341.38 4 1
github.com/tigera/libcalico-go/lib/client/ipam_block_reader_writer.go:351.3,351.38 1 1
github.com/tigera/libcalico-go/lib/client/ipam_block_reader_writer.go:356.3,359.28 2 1
github.com/tigera/libcalico-go/lib/client/ipam_block_reader_writer.go:341.38,346.4 1 1
github.com/tigera/libcalico-go/lib/client/ipam_block_reader_writer.go:346.4,349.4 1 1
github.com/tigera/libcalico-go/lib/client/ipam_block_reader_writer.go:351.38,355.4 1 1
github.com/tigera/libcalico-go/lib/client/ipam_errors.go:24.42,26.2 1 0
github.com/tigera/libcalico-go/lib/client/ipam_errors.go:32.49,34.2 1 0
github.com/tigera/libcalico-go/lib/client/ipam_errors.go:40.43,42.2 1 0
github.com/tigera/libcalico-go/lib/client/ipam_errors.go:50.46,52.2 1 0
github.com/tigera/libcalico-go/lib/client/tier.go:43.40,45.2 1 0
github.com/tigera/libcalico-go/lib/client/tier.go:48.56,50.2 1 0
github.com/tigera/libcalico-go/lib/client/tier.go:53.56,55.2 1 0
github.com/tigera/libcalico-go/lib/client/tier.go:58.55,60.2 1 0
github.com/tigera/libcalico-go/lib/client/tier.go:63.57,65.2 1 0
github.com/tigera/libcalico-go/lib/client/tier.go:68.67,69.48 1 0
github.com/tigera/libcalico-go/lib/client/tier.go:69.48,71.3 1 0
github.com/tigera/libcalico-go/lib/client/tier.go:71.3,73.3 1 0
github.com/tigera/libcalico-go/lib/client/tier.go:78.72,82.2 3 0
github.com/tigera/libcalico-go/lib/client/tier.go:86.109,92.2 3 0
github.com/tigera/libcalico-go/lib/client/tier.go:96.89,102.2 3 0
github.com/tigera/libcalico-go/lib/client/tier.go:107.83,110.16 3 0
github.com/tigera/libcalico-go/lib/client/tier.go:114.2,121.16 2 0
github.com/tigera/libcalico-go/lib/client/tier.go:110.16,112.3 1 0
github.com/tigera/libcalico-go/lib/client/tier.go:127.83,136.2 6 0
github.com/tigera/libcalico-go/lib/client/bgppeer.go:39.46,41.2 1 0
github.com/tigera/libcalico-go/lib/client/bgppeer.go:44.65,46.2 1 0
github.com/tigera/libcalico-go/lib/client/bgppeer.go:49.65,51.2 1 0
github.com/tigera/libcalico-go/lib/client/bgppeer.go:54.64,56.2 1 0
github.com/tigera/libcalico-go/lib/client/bgppeer.go:59.63,61.2 1 0
github.com/tigera/libcalico-go/lib/client/bgppeer.go:64.76,65.48 1 0
github.com/tigera/libcalico-go/lib/client/bgppeer.go:65.48,67.3 1 0
github.com/tigera/libcalico-go/lib/client/bgppeer.go:67.3,69.3 1 0
github.com/tigera/libcalico-go/lib/client/bgppeer.go:74.81,78.2 3 0
github.com/tigera/libcalico-go/lib/client/bgppeer.go:82.112,90.2 3 0
github.com/tigera/libcalico-go/lib/client/bgppeer.go:94.92,102.2 3 0
github.com/tigera/libcalico-go/lib/client/bgppeer.go:107.86,110.16 3 0
github.com/tigera/libcalico-go/lib/client/bgppeer.go:114.2,122.16 2 0
github.com/tigera/libcalico-go/lib/client/bgppeer.go:110.16,112.3 1 0
github.com/tigera/libcalico-go/lib/client/bgppeer.go:128.86,139.2 8 0
github.com/tigera/libcalico-go/lib/client/hostendpoint.go:60.56,62.2 1 0
github.com/tigera/libcalico-go/lib/client/hostendpoint.go:65.80,67.2 1 0
github.com/tigera/libcalico-go/lib/client/hostendpoint.go:70.80,72.2 1 0
github.com/tigera/libcalico-go/lib/client/hostendpoint.go:75.79,77.2 1 0
github.com/tigera/libcalico-go/lib/client/hostendpoint.go:80.73,82.2 1 0
github.com/tigera/libcalico-go/lib/client/hostendpoint.go:85.91,86.48 1 0
github.com/tigera/libcalico-go/lib/client/hostendpoint.go:86.48,88.3 1 0
github.com/tigera/libcalico-go/lib/client/hostendpoint.go:88.3,90.3 1 0
github.com/tigera/libcalico-go/lib/client/hostendpoint.go:95.96,99.2 3 0
github.com/tigera/libcalico-go/lib/client/hostendpoint.go:103.117,110.2 3 0
github.com/tigera/libcalico-go/lib/client/hostendpoint.go:114.97,121.2 3 0
github.com/tigera/libcalico-go/lib/client/hostendpoint.go:126.91,129.16 3 0
github.com/tigera/libcalico-go/lib/client/hostendpoint.go:133.2,135.41 3 0
github.com/tigera/libcalico-go/lib/client/hostendpoint.go:143.2,155.16 2 0
github.com/tigera/libcalico-go/lib/client/hostendpoint.go:129.16,131.3 1 0
github.com/tigera/libcalico-go/lib/client/hostendpoint.go:135.41,136.24 1 0
github.com/tigera/libcalico-go/lib/client/hostendpoint.go:136.24,138.4 1 0
github.com/tigera/libcalico-go/lib/client/hostendpoint.go:138.4,140.4 1 0
github.com/tigera/libcalico-go/lib/client/hostendpoint.go:161.91,177.2 12 0
github.com/tigera/libcalico-go/lib/client/policy.go:47.39,49.2 1 0
github.com/tigera/libcalico-go/lib/client/policy.go:52.63,55.27 1 0
github.com/tigera/libcalico-go/lib/client/policy.go:65.2,65.29 1 0
github.com/tigera/libcalico-go/lib/client/policy.go:55.27,56.61 1 0
github.com/tigera/libcalico-go/lib/client/policy.go:56.61,57.61 1 0
github.com/tigera/libcalico-go/lib/client/policy.go:57.61,59.5 1 0
github.com/tigera/libcalico-go/lib/client/policy.go:61.3,61.91 1 0
github.com/tigera/libcalico-go/lib/client/policy.go:61.91,63.3 1 0
github.com/tigera/libcalico-go/lib/client/policy.go:69.63,71.2 1 0
github.com/tigera/libcalico-go/lib/client/policy.go:74.62,77.27 1 0
github.com/tigera/libcalico-go/lib/client/policy.go:87.2,87.28 1 0
github.com/tigera/libcalico-go/lib/client/policy.go:77.27,78.61 1 0
github.com/tigera/libcalico-go/lib/client/policy.go:78.61,79.61 1 0
github.com/tigera/libcalico-go/lib/client/policy.go:79.61,81.5 1 0
github.com/tigera/libcalico-go/lib/client/policy.go:83.3,83.91 1 0
github.com/tigera/libcalico-go/lib/client/policy.go:83.91,85.3 1 0
github.com/tigera/libcalico-go/lib/client/policy.go:91.62,93.2 1 0
github.com/tigera/libcalico-go/lib/client/policy.go:96.74,97.48 1 0
github.com/tigera/libcalico-go/lib/client/policy.go:97.48,99.3 1 0
github.com/tigera/libcalico-go/lib/client/policy.go:99.3,101.3 1 0
github.com/tigera/libcalico-go/lib/client/policy.go:106.79,110.2 3 0
github.com/tigera/libcalico-go/lib/client/policy.go:114.112,121.2 3 0
github.com/tigera/libcalico-go/lib/client/policy.go:125.92,132.2 3 0
github.com/tigera/libcalico-go/lib/client/policy.go:137.86,140.16 3 0
github.com/tigera/libcalico-go/lib/client/policy.go:144.2,154.16 2 0
github.com/tigera/libcalico-go/lib/client/policy.go:140.16,142.3 1 0
github.com/tigera/libcalico-go/lib/client/policy.go:160.86,173.2 10 0
github.com/tigera/libcalico-go/lib/client/policy.go:176.40,177.20 1 0
github.com/tigera/libcalico-go/lib/client/policy.go:177.20,179.3 1 0
github.com/tigera/libcalico-go/lib/client/policy.go:179.3,181.3 1 0
github.com/tigera/libcalico-go/lib/client/pool.go:39.40,41.2 1 0
github.com/tigera/libcalico-go/lib/client/pool.go:44.56,46.2 1 0
github.com/tigera/libcalico-go/lib/client/pool.go:49.56,51.2 1 0
github.com/tigera/libcalico-go/lib/client/pool.go:54.55,56.2 1 0
github.com/tigera/libcalico-go/lib/client/pool.go:59.57,61.2 1 0
github.com/tigera/libcalico-go/lib/client/pool.go:64.67,65.48 1 0
github.com/tigera/libcalico-go/lib/client/pool.go:65.48,67.3 1 0
github.com/tigera/libcalico-go/lib/client/pool.go:67.3,69.3 1 0
github.com/tigera/libcalico-go/lib/client/pool.go:74.72,78.2 3 0
github.com/tigera/libcalico-go/lib/client/pool.go:82.109,88.2 3 0
github.com/tigera/libcalico-go/lib/client/pool.go:92.89,98.2 3 0
github.com/tigera/libcalico-go/lib/client/pool.go:103.83,106.16 3 0
github.com/tigera/libcalico-go/lib/client/pool.go:111.2,112.49 2 0
github.com/tigera/libcalico-go/lib/client/pool.go:118.2,129.16 2 0
github.com/tigera/libcalico-go/lib/client/pool.go:106.16,108.3 1 0
github.com/tigera/libcalico-go/lib/client/pool.go:112.49,114.3 1 0
github.com/tigera/libcalico-go/lib/client/pool.go:114.3,116.3 1 0
github.com/tigera/libcalico-go/lib/client/pool.go:135.83,144.37 6 0
github.com/tigera/libcalico-go/lib/client/pool.go:148.2,148.21 1 0
github.com/tigera/libcalico-go/lib/client/pool.go:144.37,146.3 1 0
github.com/tigera/libcalico-go/lib/client/client.go:42.52,45.61 3 0
github.com/tigera/libcalico-go/lib/client/client.go:48.2,48.17 1 0
github.com/tigera/libcalico-go/lib/client/client.go:45.61,47.3 1 0
github.com/tigera/libcalico-go/lib/client/client.go:52.40,54.2 1 0
github.com/tigera/libcalico-go/lib/client/client.go:57.45,59.2 1 0
github.com/tigera/libcalico-go/lib/client/client.go:62.40,64.2 1 0
github.com/tigera/libcalico-go/lib/client/client.go:67.46,69.2 1 0
github.com/tigera/libcalico-go/lib/client/client.go:72.56,74.2 1 0
github.com/tigera/libcalico-go/lib/client/client.go:77.64,79.2 1 0
github.com/tigera/libcalico-go/lib/client/client.go:82.46,84.2 1 0
github.com/tigera/libcalico-go/lib/client/client.go:87.39,89.2 1 0
github.com/tigera/libcalico-go/lib/client/client.go:93.67,97.20 2 0
github.com/tigera/libcalico-go/lib/client/client.go:124.2,125.56 2 0
github.com/tigera/libcalico-go/lib/client/client.go:128.2,130.28 3 0
github.com/tigera/libcalico-go/lib/client/client.go:133.2,133.69 1 0
github.com/tigera/libcalico-go/lib/client/client.go:136.2,136.16 1 0
github.com/tigera/libcalico-go/lib/client/client.go:97.20,99.17 2 0
github.com/tigera/libcalico-go/lib/client/client.go:105.3,108.47 2 0
github.com/tigera/libcalico-go/lib/client/client.go:111.3,113.29 3 0
github.com/tigera/libcalico-go/lib/client/client.go:117.3,117.60 1 0
github.com/tigera/libcalico-go/lib/client/client.go:120.3,120.17 1 0
github.com/tigera/libcalico-go/lib/client/client.go:99.17,101.4 1 0
github.com/tigera/libcalico-go/lib/client/client.go:108.47,110.4 1 0
github.com/tigera/libcalico-go/lib/client/client.go:113.29,115.4 1 0
github.com/tigera/libcalico-go/lib/client/client.go:117.60,119.4 1 0
github.com/tigera/libcalico-go/lib/client/client.go:125.56,127.3 1 0
github.com/tigera/libcalico-go/lib/client/client.go:130.28,132.3 1 0
github.com/tigera/libcalico-go/lib/client/client.go:133.69,135.3 1 0
github.com/tigera/libcalico-go/lib/client/client.go:153.88,154.64 1 0
github.com/tigera/libcalico-go/lib/client/client.go:154.64,156.3 1 0
github.com/tigera/libcalico-go/lib/client/client.go:156.3,156.53 1 0
github.com/tigera/libcalico-go/lib/client/client.go:156.53,158.3 1 0
github.com/tigera/libcalico-go/lib/client/client.go:158.3,160.3 1 0
github.com/tigera/libcalico-go/lib/client/client.go:165.88,166.64 1 0
github.com/tigera/libcalico-go/lib/client/client.go:166.64,168.3 1 0
github.com/tigera/libcalico-go/lib/client/client.go:168.3,168.53 1 0
github.com/tigera/libcalico-go/lib/client/client.go:168.53,170.3 1 0
github.com/tigera/libcalico-go/lib/client/client.go:170.3,172.3 1 0
github.com/tigera/libcalico-go/lib/client/client.go:177.87,178.64 1 0
github.com/tigera/libcalico-go/lib/client/client.go:178.64,180.3 1 0
github.com/tigera/libcalico-go/lib/client/client.go:180.3,180.52 1 0
github.com/tigera/libcalico-go/lib/client/client.go:180.52,182.3 1 0
github.com/tigera/libcalico-go/lib/client/client.go:182.3,184.3 1 0
github.com/tigera/libcalico-go/lib/client/client.go:189.95,190.65 1 0
github.com/tigera/libcalico-go/lib/client/client.go:190.65,192.3 1 0
github.com/tigera/libcalico-go/lib/client/client.go:192.3,192.71 1 0
github.com/tigera/libcalico-go/lib/client/client.go:192.71,194.3 1 0
github.com/tigera/libcalico-go/lib/client/client.go:194.3,196.3 1 0
github.com/tigera/libcalico-go/lib/client/client.go:201.116,202.65 1 0
github.com/tigera/libcalico-go/lib/client/client.go:202.65,204.3 1 0
github.com/tigera/libcalico-go/lib/client/client.go:204.3,204.51 1 0
github.com/tigera/libcalico-go/lib/client/client.go:204.51,206.3 1 0
github.com/tigera/libcalico-go/lib/client/client.go:206.3,206.63 1 0
github.com/tigera/libcalico-go/lib/client/client.go:206.63,208.3 1 0
github.com/tigera/libcalico-go/lib/client/client.go:208.3,210.3 1 0
github.com/tigera/libcalico-go/lib/client/client.go:215.112,216.75 1 0
github.com/tigera/libcalico-go/lib/client/client.go:238.2,238.12 1 0
github.com/tigera/libcalico-go/lib/client/client.go:216.75,218.3 1 0
github.com/tigera/libcalico-go/lib/client/client.go:218.3,218.54 1 0
github.com/tigera/libcalico-go/lib/client/client.go:218.54,220.3 1 0
github.com/tigera/libcalico-go/lib/client/client.go:220.3,227.25 4 0
github.com/tigera/libcalico-go/lib/client/client.go:235.3,235.11 1 0
github.com/tigera/libcalico-go/lib/client/client.go:227.25,228.58 1 0
github.com/tigera/libcalico-go/lib/client/client.go:228.58,230.5 1 0
github.com/tigera/libcalico-go/lib/client/client.go:230.5,232.5 1 0
github.com/tigera/libcalico-go/lib/client/ipam.go:103.32,105.2 1 0
github.com/tigera/libcalico-go/lib/client/ipam.go:116.76,125.20 5 0
github.com/tigera/libcalico-go/lib/client/ipam.go:135.2,135.20 1 0
github.com/tigera/libcalico-go/lib/client/ipam.go:145.2,145.28 1 0
github.com/tigera/libcalico-go/lib/client/ipam.go:125.20,129.17 3 0
github.com/tigera/libcalico-go/lib/client/ipam.go:129.17,132.4 2 0
github.com/tigera/libcalico-go/lib/client/ipam.go:135.20,139.17 3 0
github.com/tigera/libcalico-go/lib/client/ipam.go:139.17,142.4 2 0
github.com/tigera/libcalico-go/lib/client/ipam.go:148.146,155.16 3 0
github.com/tigera/libcalico-go/lib/client/ipam.go:158.2,160.21 3 0
github.com/tigera/libcalico-go/lib/client/ipam.go:175.2,176.16 2 0
github.com/tigera/libcalico-go/lib/client/ipam.go:179.2,180.39 2 0
github.com/tigera/libcalico-go/lib/client/ipam.go:229.2,230.47 2 0
github.com/tigera/libcalico-go/lib/client/ipam.go:279.2,280.17 2 0
github.com/tigera/libcalico-go/lib/client/ipam.go:155.16,157.3 1 0
github.com/tigera/libcalico-go/lib/client/ipam.go:160.21,161.26 1 0
github.com/tigera/libcalico-go/lib/client/ipam.go:165.3,168.70 4 0
github.com/tigera/libcalico-go/lib/client/ipam.go:161.26,163.9 2 0
github.com/tigera/libcalico-go/lib/client/ipam.go:176.16,178.3 1 0
github.com/tigera/libcalico-go/lib/client/ipam.go:180.39,183.30 3 0
github.com/tigera/libcalico-go/lib/client/ipam.go:210.3,210.19 1 0
github.com/tigera/libcalico-go/lib/client/ipam.go:183.30,188.18 4 0
github.com/tigera/libcalico-go/lib/client/ipam.go:188.18,190.45 1 0
github.com/tigera/libcalico-go/lib/client/ipam.go:194.5,195.20 2 0
github.com/tigera/libcalico-go/lib/client/ipam.go:190.45,192.11 1 0
github.com/tigera/libcalico-go/lib/client/ipam.go:196.5,200.19 3 0
github.com/tigera/libcalico-go/lib/client/ipam.go:204.5,206.25 3 0
github.com/tigera/libcalico-go/lib/client/ipam.go:200.19,202.11 2 0
github.com/tigera/libcalico-go/lib/client/ipam.go:210.19,212.4 1 0
github.com/tigera/libcalico-go/lib/client/ipam.go:230.47,234.18 3 0
github.com/tigera/libcalico-go/lib/client/ipam.go:256.3,256.27 1 0
github.com/tigera/libcalico-go/lib/client/ipam.go:234.18,237.18 2 0
github.com/tigera/libcalico-go/lib/client/ipam.go:243.4,243.37 1 0
github.com/tigera/libcalico-go/lib/client/ipam.go:237.18,240.5 2 0
github.com/tigera/libcalico-go/lib/client/ipam.go:243.37,245.25 1 0
github.com/tigera/libcalico-go/lib/client/ipam.go:245.25,247.6 1 0
github.com/tigera/libcalico-go/lib/client/ipam.go:249.4,252.4 1 0
github.com/tigera/libcalico-go/lib/client/ipam.go:256.27,259.16 3 0
github.com/tigera/libcalico-go/lib/client/ipam.go:259.16,262.25 2 0
github.com/tigera/libcalico-go/lib/client/ipam.go:268.5,269.19 2 0
github.com/tigera/libcalico-go/lib/client/ipam.go:273.5,274.25 2 0
github.com/tigera/libcalico-go/lib/client/ipam.go:262.25,264.11 2 0
github.com/tigera/libcalico-go/lib/client/ipam.go:269.19,271.11 2 0
github.com/tigera/libcalico-go/lib/client/ipam.go:288.50,292.57 3 0
github.com/tigera/libcalico-go/lib/client/ipam.go:296.2,298.39 3 0
github.com/tigera/libcalico-go/lib/client/ipam.go:356.2,356.40 1 0
github.com/tigera/libcalico-go/lib/client/ipam.go:292.57,294.3 1 0
github.com/tigera/libcalico-go/lib/client/ipam.go:298.39,300.17 2 0
github.com/tigera/libcalico-go/lib/client/ipam.go:331.3,333.17 3 0
github.com/tigera/libcalico-go/lib/client/ipam.go:339.3,339.27 1 0
github.com/tigera/libcalico-go/lib/client/ipam.go:345.3,347.17 3 0
github.com/tigera/libcalico-go/lib/client/ipam.go:354.3,354.13 1 0
github.com/tigera/libcalico-go/lib/client/ipam.go:300.17,301.59 1 0
github.com/tigera/libcalico-go/lib/client/ipam.go:301.59,304.60 1 0
github.com/tigera/libcalico-go/lib/client/ipam.go:309.5,311.19 3 0
github.com/tigera/libcalico-go/lib/client/ipam.go:315.5,316.19 2 0
github.com/tigera/libcalico-go/lib/client/ipam.go:324.5,325.13 2 0
github.com/tigera/libcalico-go/lib/client/ipam.go:304.60,308.6 3 0
github.com/tigera/libcalico-go/lib/client/ipam.go:311.19,314.6 2 0
github.com/tigera/libcalico-go/lib/client/ipam.go:316.19,317.50 1 0
github.com/tigera/libcalico-go/lib/client/ipam.go:317.50,319.15 2 0
github.com/tigera/libcalico-go/lib/client/ipam.go:320.7,322.7 1 0
github.com/tigera/libcalico-go/lib/client/ipam.go:326.5,329.5 1 0
github.com/tigera/libcalico-go/lib/client/ipam.go:333.17,336.4 2 0
github.com/tigera/libcalico-go/lib/client/ipam.go:339.27,341.4 1 0
github.com/tigera/libcalico-go/lib/client/ipam.go:347.17,349.28 2 0
github.com/tigera/libcalico-go/lib/client/ipam.go:352.4,352.14 1 0
github.com/tigera/libcalico-go/lib/client/ipam.go:349.28,351.5 1 0
github.com/tigera/libcalico-go/lib/client/ipam.go:361.59,368.25 4 0
github.com/tigera/libcalico-go/lib/client/ipam.go:382.2,382.39 1 0
github.com/tigera/libcalico-go/lib/client/ipam.go:391.2,391.25 1 0
github.com/tigera/libcalico-go/lib/client/ipam.go:368.25,372.48 3 0
github.com/tigera/libcalico-go/lib/client/ipam.go:378.3,378.56 1 0
github.com/tigera/libcalico-go/lib/client/ipam.go:372.48,375.4 1 0
github.com/tigera/libcalico-go/lib/client/ipam.go:382.39,385.17 3 0
github.com/tigera/libcalico-go/lib/client/ipam.go:389.3,389.48 1 0
github.com/tigera/libcalico-go/lib/client/ipam.go:385.17,388.4 2 0
github.com/tigera/libcalico-go/lib/client/ipam.go:394.89,395.39 1 0
github.com/tigera/libcalico-go/lib/client/ipam.go:454.2,454.45 1 0
github.com/tigera/libcalico-go/lib/client/ipam.go:395.39,397.17 2 0
github.com/tigera/libcalico-go/lib/client/ipam.go:408.3,412.18 3 0
github.com/tigera/libcalico-go/lib/client/ipam.go:415.3,415.35 1 0
github.com/tigera/libcalico-go/lib/client/ipam.go:423.3,424.41 2 0
github.com/tigera/libcalico-go/lib/client/ipam.go:435.3,435.23 1 0
github.com/tigera/libcalico-go/lib/client/ipam.go:448.3,449.41 2 0
github.com/tigera/libcalico-go/lib/client/ipam.go:452.3,452.26 1 0
github.com/tigera/libcalico-go/lib/client/ipam.go:397.17,398.59 1 0
github.com/tigera/libcalico-go/lib/client/ipam.go:398.59,401.5 1 0
github.com/tigera/libcalico-go/lib/client/ipam.go:401.5,404.5 1 0
github.com/tigera/libcalico-go/lib/client/ipam.go:412.18,414.4 1 0
github.com/tigera/libcalico-go/lib/client/ipam.go:415.35,419.4 1 0
github.com/tigera/libcalico-go/lib/client/ipam.go:424.41,429.4 2 0
github.com/tigera/libcalico-go/lib/client/ipam.go:429.4,433.4 3 0
github.com/tigera/libcalico-go/lib/client/ipam.go:435.23,436.67 1 0
github.com/tigera/libcalico-go/lib/client/ipam.go:436.67,439.13 2 0
github.com/tigera/libcalico-go/lib/client/ipam.go:440.5,444.5 2 0
github.com/tigera/libcalico-go/lib/client/ipam.go:449.41,451.4 1 0
github.com/tigera/libcalico-go/lib/client/ipam.go:458.122,461.39 2 0
github.com/tigera/libcalico-go/lib/client/ipam.go:501.2,501.17 1 0
github.com/tigera/libcalico-go/lib/client/ipam.go:461.39,464.17 3 0
github.com/tigera/libcalico-go/lib/client/ipam.go:470.3,474.17 4 0
github.com/tigera/libcalico-go/lib/client/ipam.go:478.3,478.20 1 0
github.com/tigera/libcalico-go/lib/client/ipam.go:484.3,484.22 1 0
github.com/tigera/libcalico-go/lib/client/ipam.go:490.3,492.17 3 0
github.com/tigera/libcalico-go/lib/client/ipam.go:499.3,499.8 1 0
github.com/tigera/libcalico-go/lib/client/ipam.go:464.17,467.4 2 0
github.com/tigera/libcalico-go/lib/client/ipam.go:474.17,477.4 2 0
github.com/tigera/libcalico-go/lib/client/ipam.go:478.20,481.4 2 0
github.com/tigera/libcalico-go/lib/client/ipam.go:484.22,486.4 1 0
github.com/tigera/libcalico-go/lib/client/ipam.go:492.17,494.23 2 0
github.com/tigera/libcalico-go/lib/client/ipam.go:497.4,497.12 1 0
github.com/tigera/libcalico-go/lib/client/ipam.go:494.23,496.5 1 0
github.com/tigera/libcalico-go/lib/client/ipam.go:509.93,511.28 1 0
github.com/tigera/libcalico-go/lib/client/ipam.go:517.2,522.65 4 0
github.com/tigera/libcalico-go/lib/client/ipam.go:528.2,529.16 2 0
github.com/tigera/libcalico-go/lib/client/ipam.go:535.2,536.68 2 0
github.com/tigera/libcalico-go/lib/client/ipam.go:550.2,550.29 1 0
github.com/tigera/libcalico-go/lib/client/ipam.go:511.28,514.3 2 0
github.com/tigera/libcalico-go/lib/client/ipam.go:522.65,525.3 2 0
github.com/tigera/libcalico-go/lib/client/ipam.go:529.16,532.3 2 0
github.com/tigera/libcalico-go/lib/client/ipam.go:536.68,538.17 2 0
github.com/tigera/libcalico-go/lib/client/ipam.go:538.17,539.47 1 0
github.com/tigera/libcalico-go/lib/client/ipam.go:539.47,542.5 1 0
github.com/tigera/libcalico-go/lib/client/ipam.go:542.5,545.5 2 0
github.com/tigera/libcalico-go/lib/client/ipam.go:546.4,548.4 1 0
github.com/tigera/libcalico-go/lib/client/ipam.go:558.67,560.28 1 0
github.com/tigera/libcalico-go/lib/client/ipam.go:566.2,570.68 3 0
github.com/tigera/libcalico-go/lib/client/ipam.go:583.2,583.12 1 0
github.com/tigera/libcalico-go/lib/client/ipam.go:560.28,563.3 2 0
github.com/tigera/libcalico-go/lib/client/ipam.go:570.68,572.17 2 0
github.com/tigera/libcalico-go/lib/client/ipam.go:572.17,573.47 1 0
github.com/tigera/libcalico-go/lib/client/ipam.go:573.47,575.5 0 0
github.com/tigera/libcalico-go/lib/client/ipam.go:575.5,575.66 1 0
github.com/tigera/libcalico-go/lib/client/ipam.go:575.66,577.5 0 0
github.com/tigera/libcalico-go/lib/client/ipam.go:577.5,580.5 2 0
github.com/tigera/libcalico-go/lib/client/ipam.go:589.57,593.35 3 0
github.com/tigera/libcalico-go/lib/client/ipam.go:610.2,610.12 1 0
github.com/tigera/libcalico-go/lib/client/ipam.go:593.35,595.17 2 0
github.com/tigera/libcalico-go/lib/client/ipam.go:599.3,599.40 1 0
github.com/tigera/libcalico-go/lib/client/ipam.go:595.17,597.4 1 0
github.com/tigera/libcalico-go/lib/client/ipam.go:599.40,601.18 2 0
github.com/tigera/libcalico-go/lib/client/ipam.go:601.18,602.48 1 0
github.com/tigera/libcalico-go/lib/client/ipam.go:602.48,604.6 0 0
github.com/tigera/libcalico-go/lib/client/ipam.go:604.6,606.6 1 0
github.com/tigera/libcalico-go/lib/client/ipam.go:615.60,617.41 2 0
github.com/tigera/libcalico-go/lib/client/ipam.go:650.2,650.40 1 0
github.com/tigera/libcalico-go/lib/client/ipam.go:617.41,620.17 3 0
github.com/tigera/libcalico-go/lib/client/ipam.go:624.3,624.22 1 0
github.com/tigera/libcalico-go/lib/client/ipam.go:629.3,629.40 1 0
github.com/tigera/libcalico-go/lib/client/ipam.go:646.3,646.13 1 0
github.com/tigera/libcalico-go/lib/client/ipam.go:620.17,622.4 1 0
github.com/tigera/libcalico-go/lib/client/ipam.go:624.22,627.4 2 0
github.com/tigera/libcalico-go/lib/client/ipam.go:629.40,632.18 3 0
github.com/tigera/libcalico-go/lib/client/ipam.go:632.18,633.48 1 0
github.com/tigera/libcalico-go/lib/client/ipam.go:633.48,635.6 1 0
github.com/tigera/libcalico-go/lib/client/ipam.go:635.6,635.67 1 0
github.com/tigera/libcalico-go/lib/client/ipam.go:635.67,637.14 2 0
github.com/tigera/libcalico-go/lib/client/ipam.go:638.6,641.6 2 0
github.com/tigera/libcalico-go/lib/client/ipam.go:646.13,648.4 1 0
github.com/tigera/libcalico-go/lib/client/ipam.go:657.50,668.16 4 0
github.com/tigera/libcalico-go/lib/client/ipam.go:675.2,675.12 1 0
github.com/tigera/libcalico-go/lib/client/ipam.go:668.16,670.59 1 0
github.com/tigera/libcalico-go/lib/client/ipam.go:670.59,673.4 2 0
github.com/tigera/libcalico-go/lib/client/ipam.go:678.74,683.16 3 0
github.com/tigera/libcalico-go/lib/client/ipam.go:690.2,691.25 2 0
github.com/tigera/libcalico-go/lib/client/ipam.go:697.2,697.19 1 0
github.com/tigera/libcalico-go/lib/client/ipam.go:683.16,686.3 2 0
github.com/tigera/libcalico-go/lib/client/ipam.go:691.25,695.3 3 0
github.com/tigera/libcalico-go/lib/client/ipam.go:702.63,704.16 2 0
github.com/tigera/libcalico-go/lib/client/ipam.go:707.2,710.33 3 0
github.com/tigera/libcalico-go/lib/client/ipam.go:723.2,723.25 1 0
github.com/tigera/libcalico-go/lib/client/ipam.go:704.16,706.3 1 0
github.com/tigera/libcalico-go/lib/client/ipam.go:710.33,713.17 3 0
github.com/tigera/libcalico-go/lib/client/ipam.go:720.3,721.64 2 0
github.com/tigera/libcalico-go/lib/client/ipam.go:713.17,715.12 2 0
github.com/tigera/libcalico-go/lib/client/ipam.go:728.55,731.16 3 0
github.com/tigera/libcalico-go/lib/client/ipam.go:734.2,736.40 2 0
github.com/tigera/libcalico-go/lib/client/ipam.go:740.2,740.12 1 0
github.com/tigera/libcalico-go/lib/client/ipam.go:731.16,733.3 1 0
github.com/tigera/libcalico-go/lib/client/ipam.go:736.40,739.3 2 0
github.com/tigera/libcalico-go/lib/client/ipam.go:743.76,744.39 1 0
github.com/tigera/libcalico-go/lib/client/ipam.go:796.2,796.40 1 0
github.com/tigera/libcalico-go/lib/client/ipam.go:744.39,746.17 2 0
github.com/tigera/libcalico-go/lib/client/ipam.go:756.3,758.15 3 0
github.com/tigera/libcalico-go/lib/client/ipam.go:764.3,764.49 1 0
github.com/tigera/libcalico-go/lib/client/ipam.go:793.3,794.13 2 0
github.com/tigera/libcalico-go/lib/client/ipam.go:746.17,747.59 1 0
github.com/tigera/libcalico-go/lib/client/ipam.go:747.59,752.5 1 0
github.com/tigera/libcalico-go/lib/client/ipam.go:752.5,754.5 1 0
github.com/tigera/libcalico-go/lib/client/ipam.go:758.15,762.4 1 0
github.com/tigera/libcalico-go/lib/client/ipam.go:764.49,768.18 2 0
github.com/tigera/libcalico-go/lib/client/ipam.go:768.18,770.61 1 0
github.com/tigera/libcalico-go/lib/client/ipam.go:770.61,773.6 2 0
github.com/tigera/libcalico-go/lib/client/ipam.go:775.4,780.18 3 0
github.com/tigera/libcalico-go/lib/client/ipam.go:780.18,781.62 1 0
github.com/tigera/libcalico-go/lib/client/ipam.go:781.62,784.14 2 0
github.com/tigera/libcalico-go/lib/client/ipam.go:785.6,789.6 2 0
github.com/tigera/libcalico-go/lib/client/ipam.go:799.85,802.39 3 0
github.com/tigera/libcalico-go/lib/client/ipam.go:836.2,836.40 1 0
github.com/tigera/libcalico-go/lib/client/ipam.go:802.39,804.17 2 0
github.com/tigera/libcalico-go/lib/client/ipam.go:823.3,831.17 5 0
github.com/tigera/libcalico-go/lib/client/ipam.go:834.3,834.13 1 0
github.com/tigera/libcalico-go/lib/client/ipam.go:804.17,805.59 1 0
github.com/tigera/libcalico-go/lib/client/ipam.go:805.59,816.5 3 0
github.com/tigera/libcalico-go/lib/client/ipam.go:816.5,819.5 1 0
github.com/tigera/libcalico-go/lib/client/ipam.go:831.17,832.12 1 0
github.com/tigera/libcalico-go/lib/client/ipam.go:840.85,841.39 1 0
github.com/tigera/libcalico-go/lib/client/ipam.go:872.2,872.40 1 0
github.com/tigera/libcalico-go/lib/client/ipam.go:841.39,843.17 2 0
github.com/tigera/libcalico-go/lib/client/ipam.go:846.3,849.17 3 0
github.com/tigera/libcalico-go/lib/client/ipam.go:854.3,854.21 1 0
github.com/tigera/libcalico-go/lib/client/ipam.go:866.3,866.17 1 0
github.com/tigera/libcalico-go/lib/client/ipam.go:869.3,870.13 2 0
github.com/tigera/libcalico-go/lib/client/ipam.go:843.17,845.4 1 0
github.com/tigera/libcalico-go/lib/client/ipam.go:849.17,851.4 1 0
github.com/tigera/libcalico-go/lib/client/ipam.go:854.21,859.4 2 0
github.com/tigera/libcalico-go/lib/client/ipam.go:859.4,863.4 3 0
github.com/tigera/libcalico-go/lib/client/ipam.go:866.17,867.12 1 0
github.com/tigera/libcalico-go/lib/client/ipam.go:877.80,880.16 3 0
github.com/tigera/libcalico-go/lib/client/ipam.go:884.2,885.36 2 0
github.com/tigera/libcalico-go/lib/client/ipam.go:880.16,883.3 2 0
github.com/tigera/libcalico-go/lib/client/ipam.go:891.53,893.16 2 0
github.com/tigera/libcalico-go/lib/client/ipam.go:902.2,902.72 1 0
github.com/tigera/libcalico-go/lib/client/ipam.go:893.16,894.58 1 0
github.com/tigera/libcalico-go/lib/client/ipam.go:899.3,900.18 2 0
github.com/tigera/libcalico-go/lib/client/ipam.go:894.58,898.4 1 0
github.com/tigera/libcalico-go/lib/client/ipam.go:907.52,909.16 2 0
github.com/tigera/libcalico-go/lib/client/ipam.go:913.2,913.21 1 0
github.com/tigera/libcalico-go/lib/client/ipam.go:917.2,917.52 1 0
github.com/tigera/libcalico-go/lib/client/ipam.go:921.2,922.23 2 0
github.com/tigera/libcalico-go/lib/client/ipam.go:927.2,932.16 3 0
github.com/tigera/libcalico-go/lib/client/ipam.go:936.2,936.12 1 0
github.com/tigera/libcalico-go/lib/client/ipam.go:909.16,911.3 1 0
github.com/tigera/libcalico-go/lib/client/ipam.go:913.21,915.3 1 0
github.com/tigera/libcalico-go/lib/client/ipam.go:917.52,919.3 1 0
github.com/tigera/libcalico-go/lib/client/ipam.go:922.23,924.3 1 0
github.com/tigera/libcalico-go/lib/client/ipam.go:932.16,935.3 2 0
github.com/tigera/libcalico-go/lib/client/ipam.go:939.77,944.2 1 0
github.com/tigera/libcalico-go/lib/client/ipam.go:946.77,951.2 1 0
github.com/tigera/libcalico-go/lib/client/ipam.go:953.41,958.16 3 0
github.com/tigera/libcalico-go/lib/client/ipam.go:966.2,967.17 2 0
github.com/tigera/libcalico-go/lib/client/ipam.go:958.16,960.3 1 0
github.com/tigera/libcalico-go/lib/client/ipam.go:960.3,962.17 2 0
github.com/tigera/libcalico-go/lib/client/ipam.go:962.17,964.4 1 0
github.com/tigera/libcalico-go/lib/client/profile.go:39.46,41.2 1 0
github.com/tigera/libcalico-go/lib/client/profile.go:44.65,46.2 1 0
github.com/tigera/libcalico-go/lib/client/profile.go:49.65,51.2 1 0
github.com/tigera/libcalico-go/lib/client/profile.go:54.64,56.2 1 0
github.com/tigera/libcalico-go/lib/client/profile.go:59.63,61.2 1 0
github.com/tigera/libcalico-go/lib/client/profile.go:64.76,65.48 1 0
github.com/tigera/libcalico-go/lib/client/profile.go:65.48,67.3 1 0
github.com/tigera/libcalico-go/lib/client/profile.go:67.3,69.3 1 0
github.com/tigera/libcalico-go/lib/client/profile.go:74.81,78.2 3 0
github.com/tigera/libcalico-go/lib/client/profile.go:82.112,88.2 3 0
github.com/tigera/libcalico-go/lib/client/profile.go:92.92,98.2 3 0
github.com/tigera/libcalico-go/lib/client/profile.go:102.86,105.16 3 0
github.com/tigera/libcalico-go/lib/client/profile.go:109.2,121.16 2 0
github.com/tigera/libcalico-go/lib/client/profile.go:105.16,107.3 1 0
github.com/tigera/libcalico-go/lib/client/profile.go:127.86,139.2 9 0
github.com/tigera/libcalico-go/lib/client/rule.go:24.51,25.26 1 0
github.com/tigera/libcalico-go/lib/client/rule.go:28.2,28.15 1 0
github.com/tigera/libcalico-go/lib/client/rule.go:25.26,27.3 1 0
github.com/tigera/libcalico-go/lib/client/rule.go:33.51,34.27 1 0
github.com/tigera/libcalico-go/lib/client/rule.go:37.2,37.18 1 0
github.com/tigera/libcalico-go/lib/client/rule.go:40.2,40.15 1 0
github.com/tigera/libcalico-go/lib/client/rule.go:34.27,36.3 1 0
github.com/tigera/libcalico-go/lib/client/rule.go:37.18,39.3 1 0
github.com/tigera/libcalico-go/lib/client/rule.go:44.47,46.20 2 0
github.com/tigera/libcalico-go/lib/client/rule.go:51.2,51.23 1 0
github.com/tigera/libcalico-go/lib/client/rule.go:56.2,83.3 1 0
github.com/tigera/libcalico-go/lib/client/rule.go:46.20,49.3 2 0
github.com/tigera/libcalico-go/lib/client/rule.go:51.23,54.3 2 0
github.com/tigera/libcalico-go/lib/client/rule.go:87.47,124.2 1 0
github.com/tigera/libcalico-go/lib/client/rule.go:127.53,128.16 1 0
github.com/tigera/libcalico-go/lib/client/rule.go:132.2,133.27 2 0
github.com/tigera/libcalico-go/lib/client/rule.go:136.2,136.12 1 0
github.com/tigera/libcalico-go/lib/client/rule.go:128.16,130.3 1 0
github.com/tigera/libcalico-go/lib/client/rule.go:133.27,135.3 1 0
github.com/tigera/libcalico-go/lib/client/rule.go:140.53,141.16 1 0
github.com/tigera/libcalico-go/lib/client/rule.go:145.2,146.27 2 0
github.com/tigera/libcalico-go/lib/client/rule.go:149.2,149.12 1 0
github.com/tigera/libcalico-go/lib/client/rule.go:141.16,143.3 1 0
github.com/tigera/libcalico-go/lib/client/rule.go:146.27,148.3 1 0
github.com/tigera/libcalico-go/lib/client/ipam_block.go:60.48,68.33 6 0
github.com/tigera/libcalico-go/lib/client/ipam_block.go:72.2,72.27 1 0
github.com/tigera/libcalico-go/lib/client/ipam_block.go:68.33,70.3 1 0
github.com/tigera/libcalico-go/lib/client/ipam_block.go:76.106,80.71 2 0
github.com/tigera/libcalico-go/lib/client/ipam_block.go:87.2,88.52 2 0
github.com/tigera/libcalico-go/lib/client/ipam_block.go:94.2,95.29 2 0
github.com/tigera/libcalico-go/lib/client/ipam_block.go:101.2,102.17 2 0
github.com/tigera/libcalico-go/lib/client/ipam_block.go:80.71,84.3 2 0
github.com/tigera/libcalico-go/lib/client/ipam_block.go:88.52,91.3 2 0
github.com/tigera/libcalico-go/lib/client/ipam_block.go:95.29,99.3 3 0
github.com/tigera/libcalico-go/lib/client/ipam_block.go:105.113,106.74 1 0
github.com/tigera/libcalico-go/lib/client/ipam_block.go:112.2,113.44 2 0
github.com/tigera/libcalico-go/lib/client/ipam_block.go:118.2,118.35 1 0
github.com/tigera/libcalico-go/lib/client/ipam_block.go:123.2,127.44 3 0
github.com/tigera/libcalico-go/lib/client/ipam_block.go:133.2,133.12 1 0
github.com/tigera/libcalico-go/lib/client/ipam_block.go:106.74,109.3 1 0
github.com/tigera/libcalico-go/lib/client/ipam_block.go:113.44,115.3 1 0
github.com/tigera/libcalico-go/lib/client/ipam_block.go:118.35,120.3 1 0
github.com/tigera/libcalico-go/lib/client/ipam_block.go:127.44,128.29 1 0
github.com/tigera/libcalico-go/lib/client/ipam_block.go:128.29,130.9 2 0
github.com/tigera/libcalico-go/lib/client/ipam_block.go:136.49,138.2 1 0
github.com/tigera/libcalico-go/lib/client/ipam_block.go:140.39,142.2 1 0
github.com/tigera/libcalico-go/lib/client/ipam_block.go:144.91,156.31 6 0
github.com/tigera/libcalico-go/lib/client/ipam_block.go:195.2,196.38 2 0
github.com/tigera/libcalico-go/lib/client/ipam_block.go:201.2,201.29 1 0
github.com/tigera/libcalico-go/lib/client/ipam_block.go:207.2,207.35 1 0
github.com/tigera/libcalico-go/lib/client/ipam_block.go:211.2,211.40 1 0
github.com/tigera/libcalico-go/lib/client/ipam_block.go:156.31,159.45 2 0
github.com/tigera/libcalico-go/lib/client/ipam_block.go:164.3,165.21 2 0
github.com/tigera/libcalico-go/lib/client/ipam_block.go:170.3,174.52 3 0
github.com/tigera/libcalico-go/lib/client/ipam_block.go:177.3,182.22 3 0
github.com/tigera/libcalico-go/lib/client/ipam_block.go:159.45,161.4 1 0
github.com/tigera/libcalico-go/lib/client/ipam_block.go:165.21,168.12 3 0
github.com/tigera/libcalico-go/lib/client/ipam_block.go:174.52,176.4 1 0
github.com/tigera/libcalico-go/lib/client/ipam_block.go:182.22,184.50 2 0
github.com/tigera/libcalico-go/lib/client/ipam_block.go:187.4,188.42 2 0
github.com/tigera/libcalico-go/lib/client/ipam_block.go:184.50,186.5 1 0
github.com/tigera/libcalico-go/lib/client/ipam_block.go:196.38,197.29 1 0
github.com/tigera/libcalico-go/lib/client/ipam_block.go:197.29,199.4 1 0
github.com/tigera/libcalico-go/lib/client/ipam_block.go:201.29,204.3 2 0
github.com/tigera/libcalico-go/lib/client/ipam_block.go:207.35,210.3 2 0
github.com/tigera/libcalico-go/lib/client/ipam_block.go:214.72,218.30 4 0
github.com/tigera/libcalico-go/lib/client/ipam_block.go:229.2,232.33 2 0
github.com/tigera/libcalico-go/lib/client/ipam_block.go:218.30,219.33 1 0
github.com/tigera/libcalico-go/lib/client/ipam_block.go:219.33,227.4 5 0
github.com/tigera/libcalico-go/lib/client/ipam_block.go:232.33,233.30 1 0
github.com/tigera/libcalico-go/lib/client/ipam_block.go:233.30,238.4 2 0
github.com/tigera/libcalico-go/lib/client/ipam_block.go:242.59,244.34 2 0
github.com/tigera/libcalico-go/lib/client/ipam_block.go:256.2,256.18 1 0
github.com/tigera/libcalico-go/lib/client/ipam_block.go:244.34,245.15 1 0
github.com/tigera/libcalico-go/lib/client/ipam_block.go:249.3,249.38 1 0
github.com/tigera/libcalico-go/lib/client/ipam_block.go:245.15,246.12 1 0
github.com/tigera/libcalico-go/lib/client/ipam_block.go:249.38,252.4 1 0
github.com/tigera/libcalico-go/lib/client/ipam_block.go:252.4,254.4 1 0
github.com/tigera/libcalico-go/lib/client/ipam_block.go:259.74,261.36 2 0
github.com/tigera/libcalico-go/lib/client/ipam_block.go:266.2,266.16 1 0
github.com/tigera/libcalico-go/lib/client/ipam_block.go:261.36,262.63 1 0
github.com/tigera/libcalico-go/lib/client/ipam_block.go:262.63,264.4 1 0
github.com/tigera/libcalico-go/lib/client/ipam_block.go:269.64,272.27 3 0
github.com/tigera/libcalico-go/lib/client/ipam_block.go:279.2,281.32 3 0
github.com/tigera/libcalico-go/lib/client/ipam_block.go:290.2,293.29 2 0
github.com/tigera/libcalico-go/lib/client/ipam_block.go:297.2,297.22 1 0
github.com/tigera/libcalico-go/lib/client/ipam_block.go:272.27,276.3 2 0
github.com/tigera/libcalico-go/lib/client/ipam_block.go:281.32,283.76 1 0
github.com/tigera/libcalico-go/lib/client/ipam_block.go:283.76,286.4 1 0
github.com/tigera/libcalico-go/lib/client/ipam_block.go:293.29,296.3 2 0
github.com/tigera/libcalico-go/lib/client/ipam_block.go:300.65,304.32 4 0
github.com/tigera/libcalico-go/lib/client/ipam_block.go:310.2,310.12 1 0
github.com/tigera/libcalico-go/lib/client/ipam_block.go:304.32,305.76 1 0
github.com/tigera/libcalico-go/lib/client/ipam_block.go:305.76,308.4 2 0
github.com/tigera/libcalico-go/lib/client/ipam_block.go:313.81,316.44 2 0
github.com/tigera/libcalico-go/lib/client/ipam_block.go:321.2,322.22 2 0
github.com/tigera/libcalico-go/lib/client/ipam_block.go:325.2,325.52 1 0
github.com/tigera/libcalico-go/lib/client/ipam_block.go:316.44,318.3 1 0
github.com/tigera/libcalico-go/lib/client/ipam_block.go:322.22,324.3 1 0
github.com/tigera/libcalico-go/lib/client/ipam_block.go:328.93,330.42 2 0
github.com/tigera/libcalico-go/lib/client/ipam_block.go:338.2,341.18 4 0
github.com/tigera/libcalico-go/lib/client/ipam_block.go:330.42,331.40 1 0
github.com/tigera/libcalico-go/lib/client/ipam_block.go:331.40,334.4 2 0
github.com/tigera/libcalico-go/lib/client/ipam_block.go:344.54,346.25 2 0
github.com/tigera/libcalico-go/lib/client/ipam_block.go:353.2,354.54 2 0
github.com/tigera/libcalico-go/lib/client/ipam_block.go:346.25,349.3 1 0
github.com/tigera/libcalico-go/lib/client/ipam_block.go:349.3,352.3 1 0
github.com/tigera/libcalico-go/lib/client/ipam_block.go:357.41,358.21 1 1
github.com/tigera/libcalico-go/lib/client/ipam_block.go:361.2,361.13 1 1
github.com/tigera/libcalico-go/lib/client/ipam_block.go:358.21,360.3 1 1
github.com/tigera/libcalico-go/lib/client/ipam_block.go:364.49,369.2 4 0
github.com/tigera/libcalico-go/lib/client/ipam_block.go:371.50,372.26 1 0
github.com/tigera/libcalico-go/lib/client/ipam_block.go:377.2,377.14 1 0
github.com/tigera/libcalico-go/lib/client/ipam_block.go:372.26,373.21 1 0
github.com/tigera/libcalico-go/lib/client/ipam_block.go:373.21,375.4 1 0
github.com/tigera/libcalico-go/lib/client/ipam_block.go:380.35,381.21 1 1
github.com/tigera/libcalico-go/lib/client/ipam_block.go:381.21,383.3 1 1
github.com/tigera/libcalico-go/lib/client/ipam_block.go:383.3,385.3 1 1
github.com/tigera/libcalico-go/lib/client/ipam_block.go:388.38,391.2 2 1
github.com/tigera/libcalico-go/lib/client/ipam_block.go:393.58,396.2 2 1
github.com/tigera/libcalico-go/lib/client/ipam_block.go:398.53,402.33 4 0
github.com/tigera/libcalico-go/lib/client/ipam_block.go:406.2,406.17 1 0
github.com/tigera/libcalico-go/lib/client/ipam_block.go:402.33,405.3 1 0
github.com/tigera/libcalico-go/lib/client/ipam_block.go:409.54,412.2 2 0
